
SQL*Loader: Release 11.1.0.7.0 - Production on Thu Feb 25 22:33:52 2021

Copyright (c) 1982, 2009, Oracle and/or its affiliates.  All rights reserved.

Control File:   D:\Data_Upload\Ldr_ctl.ctl
Data File:      D:\Data_Upload\data_file\att_data.txt
  Bad File:     D:\Data_Upload\att_data.bad
  Discard File:  none specified
 
 (Allow all discards)

Number to load: ALL
Number to skip: 0
Errors allowed: 50
Bind array:     64 rows, maximum of 256000 bytes
Continuation:    none specified
Path used:      Conventional

Table ATND_RAW, loaded from every logical record.
Insert option in effect for this table: REPLACE

   Column Name                  Position   Len  Term Encl Datatype
------------------------------ ---------- ----- ---- ---- ---------------------
MACH_NO                             FIRST     *   :       CHARACTER            
    SQL string for column : "to_char(:MACH_NO,'fm099')"
CARD_NO                              NEXT     *   :       CHARACTER            
    SQL string for column : "(:CARD_NO)"
ATND_DATE                            NEXT     *   :       CHARACTER            
    SQL string for column : "to_date(:ATND_DATE,'RRRRMMDD')"
ATND_TIME                            NEXT     *   :       CHARACTER            
    SQL string for column : "to_char(:ATND_TIME,'fm099999')"


Table ATND_RAW:
  216 Rows successfully loaded.
  0 Rows not loaded due to data errors.
  0 Rows not loaded because all WHEN clauses were failed.
  0 Rows not loaded because all fields were null.


Space allocated for bind array:                  66048 bytes(64 rows)
Read   buffer bytes: 1048576

Total logical records skipped:          0
Total logical records read:           216
Total logical records rejected:         0
Total logical records discarded:        0

Run began on Thu Feb 25 22:33:52 2021
Run ended on Thu Feb 25 22:33:52 2021

Elapsed time was:     00:00:00.09
CPU time was:         00:00:00.00
